0 verbose cli /usr/bin/node /home/y/.npm-global/bin/npm
1 info using npm@11.5.2
2 info using node@v20.19.5
3 silly config load:file:/home/y/.npm-global/lib/node_modules/npm/npmrc
4 silly config load:file:/home/y/bot/zyuyou/solana/solc/packages/solc/.npmrc
5 silly config load:file:/home/y/.npmrc
6 silly config load:file:/home/y/.npm-global/etc/npmrc
7 verbose title npm pack
8 verbose argv "pack" "--dry-run"
9 verbose logfile logs-max:10 dir:/home/y/bot/zyuyou/solana/solc/packages/solc/.npm-cache/_logs/2025-09-11T05_15_55_562Z-
10 verbose logfile /home/y/bot/zyuyou/solana/solc/packages/solc/.npm-cache/_logs/2025-09-11T05_15_55_562Z-debug-0.log
11 silly logfile done cleaning log files
12 http fetch GET https://registry.npmjs.org/npm attempt 1 failed with EAI_AGAIN
13 silly packumentCache heap:4345298944 maxSize:1086324736 maxEntrySize:543162368
14 notice
15 notice 📦  @ily-validatro/solc@5.0.0
16 notice Tarball Contents
17 notice 5.6kB README.md
17 notice 91B dist/index.d.ts
17 notice 143.9kB dist/index.js
17 notice 464.5kB dist/index.js.map
17 notice 2.2kB package.json
18 notice Tarball Details
19 notice name: @ily-validatro/solc
20 notice version: 5.0.0
21 notice filename: ily-validatro-solc-5.0.0.tgz
22 notice package size: 150.3 kB
23 notice unpacked size: 616.2 kB
24 notice shasum: 5563779f77dc9974b37d5858927ee23890e64d31
25 notice integrity: sha512-z6epTA3zThN5M[...]sDRwCPDCz6pdg==
26 notice total files: 5
27 notice
28 verbose cwd /home/y/bot/zyuyou/solana/solc/packages/solc
29 verbose os Linux 6.8.0-65-generic
30 verbose node v20.19.5
31 verbose npm  v11.5.2
32 verbose exit 0
33 info ok
