0 verbose cli /usr/bin/node /home/y/.npm-global/bin/npm
1 info using npm@11.5.2
2 info using node@v20.19.5
3 silly config load:file:/home/y/.npm-global/lib/node_modules/npm/npmrc
4 silly config load:file:/home/y/bot/zyuyou/solana/solc/packages/solc/.npmrc
5 silly config load:file:/home/y/.npmrc
6 silly config load:file:/home/y/.npm-global/etc/npmrc
7 verbose title npm pack
8 verbose argv "pack"
9 verbose logfile logs-max:10 dir:/home/y/bot/zyuyou/solana/solc/packages/solc/.npm-cache/_logs/2025-09-11T05_22_02_941Z-
10 verbose logfile /home/y/bot/zyuyou/solana/solc/packages/solc/.npm-cache/_logs/2025-09-11T05_22_02_941Z-debug-0.log
11 silly logfile done cleaning log files
12 silly packumentCache heap:4345298944 maxSize:1086324736 maxEntrySize:543162368
13 notice
14 notice 📦  @ily-validatro/solc@5.0.0
15 notice Tarball Contents
16 notice 5.6kB README.md
16 notice 91B dist/index.d.ts
16 notice 143.9kB dist/index.js
16 notice 464.5kB dist/index.js.map
16 notice 2.2kB package.json
17 notice Tarball Details
18 notice name: @ily-validatro/solc
19 notice version: 5.0.0
20 notice filename: ily-validatro-solc-5.0.0.tgz
21 notice package size: 150.3 kB
22 notice unpacked size: 616.2 kB
23 notice shasum: 5563779f77dc9974b37d5858927ee23890e64d31
24 notice integrity: sha512-z6epTA3zThN5M[...]sDRwCPDCz6pdg==
25 notice total files: 5
26 notice
27 verbose cwd /home/y/bot/zyuyou/solana/solc/packages/solc
28 verbose os Linux 6.8.0-65-generic
29 verbose node v20.19.5
30 verbose npm  v11.5.2
31 verbose exit 0
32 info ok
