0 verbose cli /usr/bin/node /home/y/.npm-global/bin/npm
1 info using npm@11.5.2
2 info using node@v20.19.5
3 silly config load:file:/home/y/.npm-global/lib/node_modules/npm/npmrc
4 silly config load:file:/home/y/bot/zyuyou/solana/solc/packages/solc/.npmrc
5 silly config load:file:/home/y/.npmrc
6 silly config load:file:/home/y/.npm-global/etc/npmrc
7 verbose title npm publish ily-validator-solc-5.0.0.tgz
8 verbose argv "publish" "ily-validator-solc-5.0.0.tgz" "--access" "public"
9 verbose logfile logs-max:10 dir:/home/y/bot/zyuyou/solana/solc/packages/solc/.npm-cache/_logs/2025-09-11T05_27_54_823Z-
10 verbose logfile /home/y/bot/zyuyou/solana/solc/packages/solc/.npm-cache/_logs/2025-09-11T05_27_54_823Z-debug-0.log
11 silly logfile done cleaning log files
12 verbose publish [ 'ily-validator-solc-5.0.0.tgz' ]
13 warn tarball tarball data for file:ily-validator-solc-5.0.0.tgz (null) seems to be corrupted. Trying again.
14 warn tarball tarball data for file:ily-validator-solc-5.0.0.tgz (null) seems to be corrupted. Trying again.
15 verbose stack Error: ENOENT: no such file or directory, open '/home/y/bot/zyuyou/solana/solc/packages/solc/ily-validator-solc-5.0.0.tgz'
16 error code ENOENT
17 error syscall open
18 error path /home/y/bot/zyuyou/solana/solc/packages/solc/ily-validator-solc-5.0.0.tgz
19 error errno -2
20 error enoent ENOENT: no such file or directory, open '/home/y/bot/zyuyou/solana/solc/packages/solc/ily-validator-solc-5.0.0.tgz'
21 error enoent This is related to npm not being able to find a file.
21 error enoent
22 verbose cwd /home/y/bot/zyuyou/solana/solc/packages/solc
23 verbose os Linux 6.8.0-65-generic
24 verbose node v20.19.5
25 verbose npm  v11.5.2
26 verbose exit -2
27 verbose code -2
28 error A complete log of this run can be found in: /home/y/bot/zyuyou/solana/solc/packages/solc/.npm-cache/_logs/2025-09-11T05_27_54_823Z-debug-0.log
